<?xml version="1.0" encoding="UTF-8"?>
<testsuite name="numberTypesExercise4.TestNumberTypesExercise4" tests="2" skipped="0" failures="0" errors="0" timestamp="2023-09-15T14:33:25" hostname="changhyunui-noteubug.local" time="0.003">
  <properties/>
  <testcase name="test1" classname="numberTypesExercise4.TestNumberTypesExercise4" time="0.003"/>
  <testcase name="test2" classname="numberTypesExercise4.TestNumberTypesExercise4" time="0.0"/>
  <system-out><![CDATA[]]></system-out>
  <system-err><![CDATA[]]></system-err>
</testsuite>
