<?xml version="1.0" encoding="UTF-8"?>
<testsuite name="helloWorldExercise1.TestHelloWorldExercise1" tests="1" skipped="0" failures="0" errors="0" timestamp="2023-09-11T10:15:38" hostname="changhyunui-noteubug.local" time="0.009">
  <properties/>
  <testcase name="test" classname="helloWorldExercise1.TestHelloWorldExercise1" time="0.009"/>
  <system-out><![CDATA[]]></system-out>
  <system-err><![CDATA[]]></system-err>
</testsuite>
